<?xml version="1.0" encoding="UTF-8"?>
<!-- Generated by org.testng.reporters.JUnitReportReporter -->
<testsuite hostname="LAPTOP-U9JM6QUT" failures="0" tests="1" name="ZooManagement.AddVisitorsTest" time="6.909" errors="0" timestamp="2022-12-30T10:28:43 IST" skipped="0">
  <testcase classname="ZooManagement.AddVisitorsTest" name="addVisitorsTest" time="6.909"/>
  <system-out/>
</testsuite> <!-- ZooManagement.AddVisitorsTest -->
